 
        
        
       GET http://localhost:3001/tours/italy-and-eastern-capitals 500 (Internal Server Error)
handler @ webpack-internal:///…nt/app-index.js:225
web-client-content-script.js:2 Uncaught (in promise) Error: Access to storage is not allowed from this context.
TourItinerary.jsx:12 === Tour Itinerary Text ===
TourItinerary.jsx:13 
				
				
				
					ايطاليا و العواصم الشرقية				
				
				
		
		
				
				
							

						
				
								
			
			
						

									
						
							رحلة سياحية خاصة						
					
				
				
			
			
		
						
				
				
		
				
				
							

						
				
								
			
			
						

									
						
							11 أيام						
					
				
				
			
			
		
						
				
				
		
				
				
							

						
				
								
			
			
						

									
						
							السعر يبدأ من  5888  ريال سعودي						
					
				
				
			
			
		
						
				
				
		
				
				
							

						
				
								
			
			
						

									
						
							كود: GYD						
					
				
				
			
			
		
						
				
				
				
		
					
				
				
							
			
											
					
						
				
				
				
					الوصف				
				
				
				
							
			
مدة الرحلة: 11 - الدول: ايطاليا ، النمسا ، التشيك ، المجر - نوع الرحلة: رحلة جماعية - أيام الرحلة:
 
		
						
				
					
				
		
					
		
				
				
					العرض يشمل				
				
				
				
					

	
				 الإقامة في الفنادقإفطار يوميوجبة عشاء في النمساالجولات والتوصيلاتاستقبال المطارمرشد سياحيالتنقلات بين المدنجولات سياحية و مسائيةدخوليات المزاراتالمدرج الرومانيكنيسة سان ماركومصنع مورانو للزجاجقلعة براغجولات مائيـــةقارب البندقية في ايطاليابحيرة تراونزي في النمسانهر الدانوب في المجرنهر مولدافا في التشيك 
	

				
				
				
		
				
				
					العرض لا يشمل				
				
				
				
					

	
				 الطيران الدوليالتاشيرةتوصيل مطار اخر يوم 
	

				
				
				
					
				
		
					
				
				
						
		
			يوميات الرحلة		
			
	
						
					
						
													اليوم 1:						
						
								
																
							
																
								المطار – فندق روما 								
							
						
					
					
					
						
							
الوصول الى المطار – استقبال عن طريق مندوبنا ونقل الى الفندق بسيارة خاصة  نقدم لكم خدمة توصيل ذهاب وعودة في مساء هذا اليوم الى وسط المدينة  لمعرفة وقت الجولة القادمة سوف تجدو المعلومات على لوحة الإعلانات في استقبال الفندق 

						
					
				
								
					
						
													اليوم 2:						
						
								
																
							
																
								جولة مدينة روما								
							
						
					
					
					
						
							
بعد الإفطار نبدأ جولتنا بزيارة دولة الفاتيكان الصغيرة، والتي تعد وسطاً رئيسياً للديانة المسيحية في العالم. كما تشمل جولتنا اليوم دخول المدرج الروماني المثير للإعجاب وهو المعلم الرئيسي لمدينة روما - وفي المساء، نوفر توصيل الى منطقة كافور الشهيرة المليئة بالمطاعم 

						
					
				
								
					
						
													اليوم 3:						
						
								
																
							
																
								روما- فلورنسا								
							
						
					
					
					
						
							
نغادر مدينة روما باتجاه الشمال حيث نستمتع خلال الطريق بالمناظر الخلاّبة لجبال توسكانا. عند الوصول الى مدينة فلورنسا، نتجه فوراً الى ساحة مايكل أنجلو الرائعة. وفي المساء يكون هناك جولة مع دليل سياحي محلي حول المعالم التاريخية في المدينة مع وقت حر لاستكشاف المدينة

						
					
				
								
					
						
													اليوم 4:						
						
								
																
							
																
								فلورنسا- البندقية								
							
						
					
					
					
						
							
المغادر باتجاه البندقية عبر جبال ابيناين - وعند الوصول نستقل الباص المائي  للتجول في المدينة برفقة دليل سياحي محلي لزيارة ساحة سان ماركوس و مصنع موارنو للزجاج. – بعد الظهر سوف تستمتعوا بوقت حر للتجول في المدينة الساحرة و تجربة ركوب الجندولا بين قنوات المدينة المائية

						
					
				
								
					
						
													اليوم 5:						
						
								
																
							
																
								البندقية – انسبروك – كتزبوهل								
							
						
					
					
					
						
							
نغادر مدينة البندقية الى مدينة انسبروك وقضاء وقت حر في عاصمة جبال الالب. وبعد الظهر نسافر بين جبال الالب الى مدينة انسبروك – وقت حر – ثم نسلك طريقا مليء بالمناظر الطبيعية بين جبال النمسا الى ان نصل قرية كتزبوهل 

						
					
				
								
					
						
													اليوم 6:						
						
								
																
							
																
								كتزبوهيل - سالزبورغ- فيينا 								
							
						
					
					
					
						
							
بعد الإفطار نسافر بين الجبال الى مدينة سالزبورغ ونزور وسطها التاريخي ذي الشوراع الجميلة والمُصنف كأحد مواقع التراث العالمي برفقة دليل سياحي محلي ثم نواصل طريقنا نحو منطقة تراونكيرشن, ونزور بحيرة تراونزي الرائعة  حيث تشمل رحلة في القارب على البحيرة لرؤية القلاع الاربعة – بعد الظهر المتابعة الى فيننا و الوصل مساء 

						
					
				
								
					
						
													اليوم 7:						
						
								
																
							
																
								جولة مدينة فيننا								
							
						
					
					
					
						
							
بعد الافطار، نذهب في جولة مع الدليل السياحي لاستكشاف معالم المدينة الجميلة ووسطها التاريخي المفعم بالحياة. ثم نذهب لزيارة قصر شونبرون حيث نشاهد جمال حدائقها. في المساء نذهب الى وسط المدينة للاستمتاع باضوائها و تناول طعام العشاء

						
					
				
								
					
						
													اليوم 8:						
						
								
																
							
																
								فيينا -بودابست 								
							
						
					
					
					
						
							
بعد الإفطار المغادرة الى مدينة بودابست ملكة نهر الدانوب ذات المناظر الخلاّبة – سوف نقوم بجولة تعريفية حرة بالإضافة الى جولة بالقارب على طول نهر الدانوب - في نهاية اليوم يكون هناك وقت حر لقضائه في منطقة فاسي اوتكا الحيوية

						
					
				
								
					
						
													اليوم 9:						
						
								
																
							
																
								بودابست- براتسلافا – براغ 								
							
						
					
					
					
						
							
ننتقل من بودابست الى براتيسلافا عاصمة سلوفاكيا وهي مدينة تقع على امتداد نهر الدانوب وذات معالم تاريخية مميزة. نقوم بجولة في المدينة ونتناول الغداء. ونكمل بعد ذلك رحلتنا الى جمهورية العاصمة التشيكية براغ – وقت حر في  ساحة البلدة القديمة المليئة بالأنشطة السياحية والمطاعم العالمية – المنامة في براغ 

						
					
				
								
					
						
													اليوم 10:						
						
								
																
							
																
								جولة مدينــة بــراغ								
							
						
					
					
					
						
							
نزور اليوم مدينة براغ التي تعتبر جوهرة اوروبا – نبدأ الجولة بزيارة قلعــــة براغ الشهيــرة و ما حولهــــا من معالم مثل جسر تشارلز الشهير و برج الساعة و و غيرها من الأماكن الساحرة – بعد ذلك نستمتع برحلة بالقارب في نهر مولدافا الذي يفصل المدينة نصفين - في الفتره المسائية سوف يتم توصيلكم الى وسط المدينة التاريخي و اخذ وقت حر للعشاء و التسوق 

						
					
				
								
					
						
													اليوم 11:						
						
								
																
							
																
								نهاية الرحلة في براغ								
							
						
					
					
					
						
							
بعد تناول وجبة الإفطار في الفندق تكون نهاية خدماتنا لهذه الرحلة

						
					
				
					
					
				
					
				
				
		
TourItinerary.jsx:12 === Tour Itinerary Text ===
TourItinerary.jsx:13 																	ايطاليا و العواصم الشرقية																																																																																			رحلة سياحية خاصة																																																																																																														11 أيام																																																																																																														السعر يبدأ من  5888  ريال سعودي																																																																																																														كود: GYD																																																																																																													الوصف																										مدة الرحلة: 11 - الدول: ايطاليا ، النمسا ، التشيك ، المجر - نوع الرحلة: رحلة جماعية - أيام الرحلة: 																																											العرض يشمل																										 الإقامة في الفنادقإفطار يوميوجبة عشاء في النمساالجولات والتوصيلاتاستقبال المطارمرشد سياحيالتنقلات بين المدنجولات سياحية و مسائيةدخوليات المزاراتالمدرج الرومانيكنيسة سان ماركومصنع مورانو للزجاجقلعة براغجولات مائيـــةقارب البندقية في ايطاليابحيرة تراونزي في النمسانهر الدانوب في المجرنهر مولدافا في التشيك 																												العرض لا يشمل																										 الطيران الدوليالتاشيرةتوصيل مطار اخر يوم 																																																يوميات الرحلة																																				اليوم 1:																																																																			المطار – فندق روما 																																																	الوصول الى المطار – استقبال عن طريق مندوبنا ونقل الى الفندق بسيارة خاصة  نقدم لكم خدمة توصيل ذهاب وعودة في مساء هذا اليوم الى وسط المدينة  لمعرفة وقت الجولة القادمة سوف تجدو المعلومات على لوحة الإعلانات في استقبال الفندق 																																															اليوم 2:																																																																			جولة مدينة روما																																																	بعد الإفطار نبدأ جولتنا بزيارة دولة الفاتيكان الصغيرة، والتي تعد وسطاً رئيسياً للديانة المسيحية في العالم. كما تشمل جولتنا اليوم دخول المدرج الروماني المثير للإعجاب وهو المعلم الرئيسي لمدينة روما - وفي المساء، نوفر توصيل الى منطقة كافور الشهيرة المليئة بالمطاعم 																																															اليوم 3:																																																																			روما- فلورنسا																																																	نغادر مدينة روما باتجاه الشمال حيث نستمتع خلال الطريق بالمناظر الخلاّبة لجبال توسكانا. عند الوصول الى مدينة فلورنسا، نتجه فوراً الى ساحة مايكل أنجلو الرائعة. وفي المساء يكون هناك جولة مع دليل سياحي محلي حول المعالم التاريخية في المدينة مع وقت حر لاستكشاف المدينة																																															اليوم 4:																																																																			فلورنسا- البندقية																																																	المغادر باتجاه البندقية عبر جبال ابيناين - وعند الوصول نستقل الباص المائي  للتجول في المدينة برفقة دليل سياحي محلي لزيارة ساحة سان ماركوس و مصنع موارنو للزجاج. – بعد الظهر سوف تستمتعوا بوقت حر للتجول في المدينة الساحرة و تجربة ركوب الجندولا بين قنوات المدينة المائية																																															اليوم 5:																																																																			البندقية – انسبروك – كتزبوهل																																																	نغادر مدينة البندقية الى مدينة انسبروك وقضاء وقت حر في عاصمة جبال الالب. وبعد الظهر نسافر بين جبال الالب الى مدينة انسبروك – وقت حر – ثم نسلك طريقا مليء بالمناظر الطبيعية بين جبال النمسا الى ان نصل قرية كتزبوهل 																																															اليوم 6:																																																																			كتزبوهيل - سالزبورغ- فيينا 																																																	بعد الإفطار نسافر بين الجبال الى مدينة سالزبورغ ونزور وسطها التاريخي ذي الشوراع الجميلة والمُصنف كأحد مواقع التراث العالمي برفقة دليل سياحي محلي ثم نواصل طريقنا نحو منطقة تراونكيرشن, ونزور بحيرة تراونزي الرائعة  حيث تشمل رحلة في القارب على البحيرة لرؤية القلاع الاربعة – بعد الظهر المتابعة الى فيننا و الوصل مساء 																																															اليوم 7:																																																																			جولة مدينة فيننا																																																	بعد الافطار، نذهب في جولة مع الدليل السياحي لاستكشاف معالم المدينة الجميلة ووسطها التاريخي المفعم بالحياة. ثم نذهب لزيارة قصر شونبرون حيث نشاهد جمال حدائقها. في المساء نذهب الى وسط المدينة للاستمتاع باضوائها و تناول طعام العشاء																																															اليوم 8:																																																																			فيينا -بودابست 																																																	بعد الإفطار المغادرة الى مدينة بودابست ملكة نهر الدانوب ذات المناظر الخلاّبة – سوف نقوم بجولة تعريفية حرة بالإضافة الى جولة بالقارب على طول نهر الدانوب - في نهاية اليوم يكون هناك وقت حر لقضائه في منطقة فاسي اوتكا الحيوية																																															اليوم 9:																																																																			بودابست- براتسلافا – براغ 																																																	ننتقل من بودابست الى براتيسلافا عاصمة سلوفاكيا وهي مدينة تقع على امتداد نهر الدانوب وذات معالم تاريخية مميزة. نقوم بجولة في المدينة ونتناول الغداء. ونكمل بعد ذلك رحلتنا الى جمهورية العاصمة التشيكية براغ – وقت حر في  ساحة البلدة القديمة المليئة بالأنشطة السياحية والمطاعم العالمية – المنامة في براغ 																																															اليوم 10:																																																																			جولة مدينــة بــراغ																																																	نزور اليوم مدينة براغ التي تعتبر جوهرة اوروبا – نبدأ الجولة بزيارة قلعــــة براغ الشهيــرة و ما حولهــــا من معالم مثل جسر تشارلز الشهير و برج الساعة و و غيرها من الأماكن الساحرة – بعد ذلك نستمتع برحلة بالقارب في نهر مولدافا الذي يفصل المدينة نصفين - في الفتره المسائية سوف يتم توصيلكم الى وسط المدينة التاريخي و اخذ وقت حر للعشاء و التسوق 																																															اليوم 11:																																																																			نهاية الرحلة في براغ																																																	بعد تناول وجبة الإفطار في الفندق تكون نهاية خدماتنا لهذه الرحلة																																												
TourOverview.jsx:70 === Parsed Tour Sections ===
TourOverview.jsx:71 Description: 
TourOverview.jsx:72 
Inclusions: []
TourOverview.jsx:73 
Exclusions: []
TourOverview.jsx:74 
Itinerary: 
TourOverview.jsx:70 === Parsed Tour Sections ===
TourOverview.jsx:71 Description: 
TourOverview.jsx:72 
Inclusions: []
TourOverview.jsx:73 
Exclusions: []
TourOverview.jsx:74 
Itinerary: 
hook.js:608 Image with src "/img/tourSingle/2/1.png" has either width or height modified, but not the other. If you use CSS to change the size of your image, also include the styles 'width: "auto"' or 'height: "auto"' to maintain the aspect ratio.
overrideMethod @ hook.js:608
warnOnce @ warn-once.js:16
eval @ image-component.js:105
Promise.then
handleLoading @ image-component.js:34
onLoad @ image-component.js:193
callCallback @ react-dom.development.js:20367
invokeGuardedCallbackImpl @ react-dom.development.js:20416
invokeGuardedCallback @ react-dom.development.js:20491
invokeGuardedCallbackAndCatchFirstError @ react-dom.development.js:20505
executeDispatch @ react-dom.development.js:31842
processDispatchQueueItemsInOrder @ react-dom.development.js:31874
processDispatchQueue @ react-dom.development.js:31887
dispatchEventsForPlugins @ react-dom.development.js:31898
eval @ react-dom.development.js:32088
batchedUpdates$1 @ react-dom.development.js:24699
batchedUpdates @ react-dom.development.js:28559
dispatchEventForPluginEventSystem @ react-dom.development.js:32087
dispatchEvent @ react-dom.development.js:29855
load
addEventBubbleListener @ react-dom.development.js:30075
addTrappedEventListener @ react-dom.development.js:31991
listenToNonDelegatedEvent @ react-dom.development.js:31913
setInitialProperties @ react-dom.development.js:33420
finalizeInitialChildren @ react-dom.development.js:35224
completeWork @ react-dom.development.js:19594
completeUnitOfWork @ react-dom.development.js:25699
performUnitOfWork @ react-dom.development.js:25504
workLoopSync @ react-dom.development.js:25209
renderRootSync @ react-dom.development.js:25164
performConcurrentWorkOnRoot @ react-dom.development.js:24288
workLoop @ scheduler.development.js:261
flushWork @ scheduler.development.js:230
performWorkUntilDeadline @ scheduler.development.js:534
hook.js:608 Image with src "/img/tourSingle/2/2.png" has either width or height modified, but not the other. If you use CSS to change the size of your image, also include the styles 'width: "auto"' or 'height: "auto"' to maintain the aspect ratio.
overrideMethod @ hook.js:608
warnOnce @ warn-once.js:16
eval @ image-component.js:105
Promise.then
handleLoading @ image-component.js:34
onLoad @ image-component.js:193
callCallback @ react-dom.development.js:20367
invokeGuardedCallbackImpl @ react-dom.development.js:20416
invokeGuardedCallback @ react-dom.development.js:20491
invokeGuardedCallbackAndCatchFirstError @ react-dom.development.js:20505
executeDispatch @ react-dom.development.js:31842
processDispatchQueueItemsInOrder @ react-dom.development.js:31874
processDispatchQueue @ react-dom.development.js:31887
dispatchEventsForPlugins @ react-dom.development.js:31898
eval @ react-dom.development.js:32088
batchedUpdates$1 @ react-dom.development.js:24699
batchedUpdates @ react-dom.development.js:28559
dispatchEventForPluginEventSystem @ react-dom.development.js:32087
dispatchEvent @ react-dom.development.js:29855
load
addEventBubbleListener @ react-dom.development.js:30075
addTrappedEventListener @ react-dom.development.js:31991
listenToNonDelegatedEvent @ react-dom.development.js:31913
setInitialProperties @ react-dom.development.js:33420
finalizeInitialChildren @ react-dom.development.js:35224
completeWork @ react-dom.development.js:19594
completeUnitOfWork @ react-dom.development.js:25699
performUnitOfWork @ react-dom.development.js:25504
workLoopSync @ react-dom.development.js:25209
renderRootSync @ react-dom.development.js:25164
performConcurrentWorkOnRoot @ react-dom.development.js:24288
workLoop @ scheduler.development.js:261
flushWork @ scheduler.development.js:230
performWorkUntilDeadline @ scheduler.development.js:534
hook.js:608 Image with src "/img/tourSingle/2/3.png" has either width or height modified, but not the other. If you use CSS to change the size of your image, also include the styles 'width: "auto"' or 'height: "auto"' to maintain the aspect ratio.
overrideMethod @ hook.js:608
warnOnce @ warn-once.js:16
eval @ image-component.js:105
Promise.then
handleLoading @ image-component.js:34
onLoad @ image-component.js:193
callCallback @ react-dom.development.js:20367
invokeGuardedCallbackImpl @ react-dom.development.js:20416
invokeGuardedCallback @ react-dom.development.js:20491
invokeGuardedCallbackAndCatchFirstError @ react-dom.development.js:20505
executeDispatch @ react-dom.development.js:31842
processDispatchQueueItemsInOrder @ react-dom.development.js:31874
processDispatchQueue @ react-dom.development.js:31887
dispatchEventsForPlugins @ react-dom.development.js:31898
eval @ react-dom.development.js:32088
batchedUpdates$1 @ react-dom.development.js:24699
batchedUpdates @ react-dom.development.js:28559
dispatchEventForPluginEventSystem @ react-dom.development.js:32087
dispatchEvent @ react-dom.development.js:29855
load
addEventBubbleListener @ react-dom.development.js:30075
addTrappedEventListener @ react-dom.development.js:31991
listenToNonDelegatedEvent @ react-dom.development.js:31913
setInitialProperties @ react-dom.development.js:33420
finalizeInitialChildren @ react-dom.development.js:35224
completeWork @ react-dom.development.js:19594
completeUnitOfWork @ react-dom.development.js:25699
performUnitOfWork @ react-dom.development.js:25504
workLoopSync @ react-dom.development.js:25209
renderRootSync @ react-dom.development.js:25164
performConcurrentWorkOnRoot @ react-dom.development.js:24288
workLoop @ scheduler.development.js:261
flushWork @ scheduler.development.js:230
performWorkUntilDeadline @ scheduler.development.js:534
